2023-01-31 17:52:07.215 [info] Extension host with pid 28797 started
2023-01-31 17:52:07.245 [info] Lock '/home/ec2-user/.vscode-server/data/User/workspaceStorage/b47d616d0a2c79fcaef883abbe43b9d9/vscode.lock': Lock acquired.
2023-01-31 17:52:07.412 [info] ExtensionService#_doActivateExtension vscode.git-base, startup: true, activationEvent: '*', root cause: vscode.git
2023-01-31 17:52:07.427 [info] ExtensionService#_doActivateExtension vscode.npm, startup: true, activationEvent: 'workspaceContains:package.json'
2023-01-31 17:52:07.677 [info] ExtensionService#_doActivateExtension vscode.git, startup: true, activationEvent: '*'
2023-01-31 17:52:07.677 [info] ExtensionService#_doActivateExtension vscode.github, startup: true, activationEvent: '*'
2023-01-31 17:52:08.295 [info] ExtensionService#_doActivateExtension vscode.debug-auto-launch, startup: false, activationEvent: 'onStartupFinished'
2023-01-31 17:52:08.295 [info] ExtensionService#_doActivateExtension vscode.emmet, startup: false, activationEvent: 'onStartupFinished'
2023-01-31 17:52:08.296 [info] ExtensionService#_doActivateExtension vscode.merge-conflict, startup: false, activationEvent: 'onStartupFinished'
2023-01-31 17:52:08.296 [info] Eager extensions activated
2023-01-31 19:37:32.004 [info] Extension host terminating: renderer disconnected for too long (2)
2023-01-31 19:37:32.006 [info] Lock '/home/ec2-user/.vscode-server/data/User/workspaceStorage/b47d616d0a2c79fcaef883abbe43b9d9/vscode.lock': Marking the lockfile as scheduled to be released in 6000 ms.
2023-01-31 19:37:32.020 [error] Canceled: Canceled
	at Object.R [as canceled] (/home/ec2-user/.vscode-server/bin/97dec172d3256f8ca4bfb2143f3f76b503ca0534/out/vs/workbench/api/node/extensionHostProcess.js:7:1054)
	at /home/ec2-user/.vscode-server/bin/97dec172d3256f8ca4bfb2143f3f76b503ca0534/out/vs/workbench/api/node/extensionHostProcess.js:104:7869
	at Array.forEach (<anonymous>)
	at u.dispose (/home/ec2-user/.vscode-server/bin/97dec172d3256f8ca4bfb2143f3f76b503ca0534/out/vs/workbench/api/node/extensionHostProcess.js:104:7834)
	at d.terminate (/home/ec2-user/.vscode-server/bin/97dec172d3256f8ca4bfb2143f3f76b503ca0534/out/vs/workbench/api/node/extensionHostProcess.js:106:9540)
	at f.terminate (/home/ec2-user/.vscode-server/bin/97dec172d3256f8ca4bfb2143f3f76b503ca0534/out/vs/workbench/api/node/extensionHostProcess.js:110:1397)
	at b (/home/ec2-user/.vscode-server/bin/97dec172d3256f8ca4bfb2143f3f76b503ca0534/out/vs/workbench/api/node/extensionHostProcess.js:120:17815)
	at G.a (/home/ec2-user/.vscode-server/bin/97dec172d3256f8ca4bfb2143f3f76b503ca0534/out/vs/workbench/api/node/extensionHostProcess.js:120:14426)
	at G.h (/home/ec2-user/.vscode-server/bin/97dec172d3256f8ca4bfb2143f3f76b503ca0534/out/vs/workbench/api/node/extensionHostProcess.js:66:39774)
	at listOnTimeout (node:internal/timers:559:17)
	at processTimers (node:internal/timers:502:7) git.commit {"value":"vscode.git","c":"vscode.git"}
2023-01-31 19:37:32.020 [error] Canceled: Canceled
	at Object.R [as canceled] (/home/ec2-user/.vscode-server/bin/97dec172d3256f8ca4bfb2143f3f76b503ca0534/out/vs/workbench/api/node/extensionHostProcess.js:7:1054)
	at /home/ec2-user/.vscode-server/bin/97dec172d3256f8ca4bfb2143f3f76b503ca0534/out/vs/workbench/api/node/extensionHostProcess.js:104:7869
	at Array.forEach (<anonymous>)
	at u.dispose (/home/ec2-user/.vscode-server/bin/97dec172d3256f8ca4bfb2143f3f76b503ca0534/out/vs/workbench/api/node/extensionHostProcess.js:104:7834)
	at d.terminate (/home/ec2-user/.vscode-server/bin/97dec172d3256f8ca4bfb2143f3f76b503ca0534/out/vs/workbench/api/node/extensionHostProcess.js:106:9540)
	at f.terminate (/home/ec2-user/.vscode-server/bin/97dec172d3256f8ca4bfb2143f3f76b503ca0534/out/vs/workbench/api/node/extensionHostProcess.js:110:1397)
	at b (/home/ec2-user/.vscode-server/bin/97dec172d3256f8ca4bfb2143f3f76b503ca0534/out/vs/workbench/api/node/extensionHostProcess.js:120:17815)
	at G.a (/home/ec2-user/.vscode-server/bin/97dec172d3256f8ca4bfb2143f3f76b503ca0534/out/vs/workbench/api/node/extensionHostProcess.js:120:14426)
	at G.h (/home/ec2-user/.vscode-server/bin/97dec172d3256f8ca4bfb2143f3f76b503ca0534/out/vs/workbench/api/node/extensionHostProcess.js:66:39774)
	at listOnTimeout (node:internal/timers:559:17)
	at processTimers (node:internal/timers:502:7) __vscldkjegif undefined
2023-01-31 19:37:32.021 [info] Extension host with pid 28797 exiting with code 0
