0 verbose cli /home/ec2-user/.nvm/versions/node/v16.15.1/bin/node /home/ec2-user/.nvm/versions/node/v16.15.1/bin/npm
1 info using npm@9.4.0
2 info using node@v16.15.1
3 timing npm:load:whichnode Completed in 1ms
4 timing config:load:defaults Completed in 2ms
5 timing config:load:file:/home/ec2-user/.nvm/versions/node/v16.15.1/lib/node_modules/npm/npmrc Completed in 1ms
6 timing config:load:builtin Completed in 1ms
7 timing config:load:cli Completed in 1ms
8 timing config:load:env Completed in 1ms
9 timing config:load:file:/home/ec2-user/Money/.npmrc Completed in 0ms
10 timing config:load:project Completed in 3ms
11 timing config:load:file:/home/ec2-user/.npmrc Completed in 0ms
12 timing config:load:user Completed in 1ms
13 timing config:load:file:/home/ec2-user/.nvm/versions/node/v16.15.1/etc/npmrc Completed in 0ms
14 timing config:load:global Completed in 0ms
15 timing config:load:setEnvs Completed in 1ms
16 timing config:load Completed in 10ms
17 timing npm:load:configload Completed in 10ms
18 timing npm:load:mkdirpcache Completed in 1ms
19 timing npm:load:mkdirplogs Completed in 0ms
20 verbose title npm audit
21 verbose argv "audit"
22 timing npm:load:setTitle Completed in 1ms
23 timing config:load:flatten Completed in 4ms
24 timing npm:load:display Completed in 5ms
25 verbose logfile logs-max:10 dir:/home/ec2-user/.npm/_logs/2023-02-09T18_08_04_630Z-
26 verbose logfile /home/ec2-user/.npm/_logs/2023-02-09T18_08_04_630Z-debug-0.log
27 timing npm:load:logFile Completed in 5ms
28 timing npm:load:timers Completed in 1ms
29 timing npm:load:configScope Completed in 0ms
30 timing npm:load Completed in 24ms
31 timing arborist:ctor Completed in 1ms
32 silly logfile start cleaning logs, removing 1 files
33 silly logfile done cleaning log files
34 silly audit bulk request {
34 silly audit   '@socket.io/component-emitter': [ '3.1.0' ],
34 silly audit   '@types/cookie': [ '0.4.1' ],
34 silly audit   '@types/cors': [ '2.8.13' ],
34 silly audit   '@types/node': [ '18.13.0' ],
34 silly audit   accepts: [ '1.3.8' ],
34 silly audit   'ansi-regex': [ '2.1.1', '5.0.1' ],
34 silly audit   'ansi-styles': [ '2.2.1', '4.3.0' ],
34 silly audit   anymatch: [ '3.1.3' ],
34 silly audit   async: [ '2.6.4' ],
34 silly audit   'async-each-series': [ '0.1.1' ],
34 silly audit   axios: [ '0.21.4' ],
34 silly audit   'balanced-match': [ '1.0.2' ],
34 silly audit   base64id: [ '2.0.0' ],
34 silly audit   batch: [ '0.6.1' ],
34 silly audit   'binary-extensions': [ '2.2.0' ],
34 silly audit   'brace-expansion': [ '1.1.11' ],
34 silly audit   braces: [ '3.0.2' ],
34 silly audit   'browser-sync': [ '2.27.11' ],
34 silly audit   'browser-sync-client': [ '2.27.11' ],
34 silly audit   'browser-sync-ui': [ '2.27.11' ],
34 silly audit   'bs-recipes': [ '1.3.4' ],
34 silly audit   'bs-snippet-injector': [ '2.0.1' ],
34 silly audit   bytes: [ '3.1.2' ],
34 silly audit   'call-bind': [ '1.0.2' ],
34 silly audit   chalk: [ '1.1.3' ],
34 silly audit   chokidar: [ '3.5.3' ],
34 silly audit   cliui: [ '8.0.1', '7.0.4' ],
34 silly audit   'strip-ansi': [ '6.0.1', '3.0.1' ],
34 silly audit   'color-convert': [ '2.0.1' ],
34 silly audit   'color-name': [ '1.1.4' ],
34 silly audit   commander: [ '2.20.3' ],
34 silly audit   'concat-map': [ '0.0.1' ],
34 silly audit   connect: [ '3.6.6' ],
34 silly audit   'connect-history-api-fallback': [ '1.6.0' ],
34 silly audit   'connect-logger': [ '0.0.1' ],
34 silly audit   cookie: [ '0.4.2' ],
34 silly audit   cors: [ '2.8.5' ],
34 silly audit   debug: [ '2.6.9', '4.3.4', '4.3.2' ],
34 silly audit   depd: [ '2.0.0', '1.1.2' ],
34 silly audit   destroy: [ '1.0.4' ],
34 silly audit   'dev-ip': [ '1.0.1' ],
34 silly audit   dlv: [ '1.1.3' ],
34 silly audit   'easy-extender': [ '2.3.4' ],
34 silly audit   'eazy-logger': [ '3.1.0' ],
34 silly audit   'ee-first': [ '1.1.1' ],
34 silly audit   'emoji-regex': [ '8.0.0' ],
34 silly audit   encodeurl: [ '1.0.2' ],
34 silly audit   'engine.io': [ '6.4.0' ],
34 silly audit   'engine.io-client': [ '6.4.0' ],
34 silly audit   ms: [ '2.1.2', '2.0.0' ],
34 silly audit   'engine.io-parser': [ '5.0.6' ],
34 silly audit   escalade: [ '3.1.1' ],
34 silly audit   'escape-html': [ '1.0.3' ],
34 silly audit   'escape-string-regexp': [ '1.0.5' ],
34 silly audit   etag: [ '1.8.1' ],
34 silly audit   eventemitter3: [ '4.0.7' ],
34 silly audit   'fill-range': [ '7.0.1' ],
34 silly audit   finalhandler: [ '1.1.0' ],
34 silly audit   'follow-redirects': [ '1.15.2' ],
34 silly audit   fresh: [ '0.5.2' ],
34 silly audit   'fs-extra': [ '3.0.1' ],
34 silly audit   fsevents: [ '2.3.2' ],
34 silly audit   'function-bind': [ '1.1.1' ],
34 silly audit   'get-caller-file': [ '2.0.5' ],
34 silly audit   'get-intrinsic': [ '1.2.0' ],
34 silly audit   'glob-parent': [ '5.1.2' ],
34 silly audit   'graceful-fs': [ '4.2.10' ],
34 silly audit   has: [ '1.0.3' ],
34 silly audit   'has-ansi': [ '2.0.0' ],
34 silly audit   'has-symbols': [ '1.0.3' ],
34 silly audit   'http-errors': [ '2.0.0', '1.6.3' ],
34 silly audit   statuses: [ '2.0.1', '1.4.0', '1.5.0', '1.3.1' ],
34 silly audit   'http-proxy': [ '1.18.1' ],
34 silly audit   'iconv-lite': [ '0.4.24' ],
34 silly audit   immutable: [ '3.8.2' ],
34 silly audit   inherits: [ '2.0.4', '2.0.3' ],
34 silly audit   'is-binary-path': [ '2.1.0' ],
34 silly audit   'is-extglob': [ '2.1.1' ],
34 silly audit   'is-fullwidth-code-point': [ '3.0.0' ],
34 silly audit   'is-glob': [ '4.0.3' ],
34 silly audit   'is-number': [ '7.0.0' ],
34 silly audit   'is-number-like': [ '1.0.8' ],
34 silly audit   'is-wsl': [ '1.1.0' ],
34 silly audit   jsonfile: [ '3.0.1' ],
34 silly audit   limiter: [ '1.1.5' ],
34 silly audit   'lite-server': [ '2.6.1' ],
34 silly audit   localtunnel: [ '2.0.2' ],
34 silly audit   yargs: [ '17.1.1', '17.6.2' ],
34 silly audit   'yargs-parser': [ '20.2.9', '21.1.1' ],
34 silly audit   lodash: [ '4.17.21' ],
34 silly audit   'lodash.isfinite': [ '3.3.2' ],
34 silly audit   micromatch: [ '4.0.5' ],
34 silly audit   mime: [ '1.4.1' ],
34 silly audit   'mime-db': [ '1.52.0' ],
34 silly audit   'mime-types': [ '2.1.35' ],
34 silly audit   minimatch: [ '3.1.2' ],
34 silly audit   minimist: [ '1.2.7' ],
34 silly audit   mitt: [ '1.2.0' ],
34 silly audit   moment: [ '2.29.4' ],
34 silly audit   negotiator: [ '0.6.3' ],
34 silly audit   'normalize-path': [ '3.0.0' ],
34 silly audit   'object-assign': [ '4.1.1' ],
34 silly audit   'object-inspect': [ '1.12.3' ],
34 silly audit   'on-finished': [ '2.3.0' ],
34 silly audit   openurl: [ '1.1.1' ],
34 silly audit   opn: [ '5.3.0' ],
34 silly audit   parseurl: [ '1.3.3' ],
34 silly audit   picomatch: [ '2.3.1' ],
34 silly audit   portscanner: [ '2.2.0' ],
34 silly audit   qs: [ '6.11.0' ],
34 silly audit   'range-parser': [ '1.2.1' ],
34 silly audit   'raw-body': [ '2.5.1' ],
34 silly audit   readdirp: [ '3.6.0' ],
34 silly audit   'require-directory': [ '2.1.1' ],
34 silly audit   'requires-port': [ '1.0.0' ],
34 silly audit   'resp-modifier': [ '6.0.2' ],
34 silly audit   rx: [ '4.1.0' ],
34 silly audit   rxjs: [ '5.5.12' ],
34 silly audit   'safer-buffer': [ '2.1.2' ],
34 silly audit   send: [ '0.16.2' ],
34 silly audit   setprototypeof: [ '1.1.0', '1.2.0' ],
34 silly audit   'serve-index': [ '1.9.1' ],
34 silly audit   'serve-static': [ '1.13.2' ],
34 silly audit   'server-destroy': [ '1.0.1' ],
34 silly audit   'side-channel': [ '1.0.4' ],
34 silly audit   'socket.io': [ '4.6.0' ],
34 silly audit   'socket.io-adapter': [ '2.5.2' ],
34 silly audit   'socket.io-client': [ '4.6.0' ],
34 silly audit   'socket.io-parser': [ '4.2.2' ],
34 silly audit   'stream-throttle': [ '0.1.3' ],
34 silly audit   'string-width': [ '4.2.3' ],
34 silly audit   'supports-color': [ '2.0.0' ],
34 silly audit   'symbol-observable': [ '1.0.1' ],
34 silly audit   tfunk: [ '4.0.0' ],
34 silly audit   'to-regex-range': [ '5.0.1' ],
34 silly audit   toidentifier: [ '1.0.1' ],
34 silly audit   typescript: [ '4.9.5' ],
34 silly audit   'ua-parser-js': [ '1.0.2' ],
34 silly audit   universalify: [ '0.1.2' ],
34 silly audit   unpipe: [ '1.0.0' ],
34 silly audit   'utils-merge': [ '1.0.1' ],
34 silly audit   vary: [ '1.1.2' ],
34 silly audit   'wrap-ansi': [ '7.0.0' ],
34 silly audit   ws: [ '8.11.0' ],
34 silly audit   'xmlhttprequest-ssl': [ '2.0.0' ],
34 silly audit   y18n: [ '5.0.8' ]
34 silly audit }
35 http fetch POST 200 https://registry.npmjs.org/-/npm/v1/security/advisories/bulk 3282ms
36 timing auditReport:getReport Completed in 3287ms
37 silly audit report {
37 silly audit report   'lite-server': [
37 silly audit report     {
37 silly audit report       id: 1088825,
37 silly audit report       url: 'https://github.com/advisories/GHSA-89w7-5q45-r53w',
37 silly audit report       title: 'lite-server vulnerable to Denial of Service',
37 silly audit report       severity: 'high',
37 silly audit report       vulnerable_versions: '<=2.6.1',
37 silly audit report       cwe: [Array],
37 silly audit report       cvss: [Object]
37 silly audit report     }
37 silly audit report   ],
37 silly audit report   'ua-parser-js': [
37 silly audit report     {
37 silly audit report       id: 1088696,
37 silly audit report       url: 'https://github.com/advisories/GHSA-fhg7-m89q-25r3',
37 silly audit report       title: 'ReDoS Vulnerability in ua-parser-js version ',
37 silly audit report       severity: 'high',
37 silly audit report       vulnerable_versions: '>=0.8.0 <1.0.33',
37 silly audit report       cwe: [Array],
37 silly audit report       cvss: [Object]
37 silly audit report     }
37 silly audit report   ]
37 silly audit report }
38 timing metavuln:cache:get:security-advisory:lite-server:fA6O91sDAysxAfQjBFE49t45nbVFry35cO+j/AuBJ2NdEyvDE0aNZUZGQrjtORICqrsIFtCGoUD8YIsEpXhuJA== Completed in 9ms
39 timing metavuln:cache:get:security-advisory:ua-parser-js:FmFOZxgyK80DrR1jdYvU7tbReaPdALk3JyYgiQ9/KsjmamvFyYNPBQNgM0lGqxtHd3YWFbhWessMvQHA5X0KFA== Completed in 8ms
40 http fetch GET 200 https://registry.npmjs.org/lite-server 20ms (cache hit)
41 timing metavuln:packument:lite-server Completed in 21ms
42 timing metavuln:load:security-advisory:lite-server:1088825 Completed in 1ms
43 timing metavuln:calculate:security-advisory:lite-server:1088825 Completed in 23ms
44 http fetch GET 200 https://registry.npmjs.org/ua-parser-js 21ms (cache hit)
45 timing metavuln:packument:ua-parser-js Completed in 21ms
46 timing metavuln:load:security-advisory:ua-parser-js:1088696 Completed in 1ms
47 timing metavuln:calculate:security-advisory:ua-parser-js:1088696 Completed in 23ms
48 timing metavuln:cache:get:security-advisory:browser-sync:030+QPC5QGR+Q6nm8L8Pf6n7WSBietFYauvk6VvSodjSuKaf3J300kGRm/Is2HlvCDcK7f7SDUHXBzGlaJqJPQ== Completed in 3ms
49 http fetch GET 200 https://registry.npmjs.org/browser-sync 7ms (cache hit)
50 timing metavuln:packument:browser-sync Completed in 12ms
51 timing metavuln:load:security-advisory:browser-sync:FmFOZxgyK80DrR1jdYvU7tbReaPdALk3JyYgiQ9/KsjmamvFyYNPBQNgM0lGqxtHd3YWFbhWessMvQHA5X0KFA== Completed in 2ms
52 timing metavuln:calculate:security-advisory:browser-sync:FmFOZxgyK80DrR1jdYvU7tbReaPdALk3JyYgiQ9/KsjmamvFyYNPBQNgM0lGqxtHd3YWFbhWessMvQHA5X0KFA== Completed in 14ms
53 timing metavuln:cache:get:security-advisory:lite-server:pGn5O659py9FrrYbuLgf8SQZWNZk12bGQ5549TA8J7dJFFgpPF3yXNp5/KNxeDIDnQM0JaWyDw/jyfMkLhH1Mw== Completed in 1ms
54 timing metavuln:load:security-advisory:lite-server:030+QPC5QGR+Q6nm8L8Pf6n7WSBietFYauvk6VvSodjSuKaf3J300kGRm/Is2HlvCDcK7f7SDUHXBzGlaJqJPQ== Completed in 0ms
55 timing metavuln:calculate:security-advisory:lite-server:030+QPC5QGR+Q6nm8L8Pf6n7WSBietFYauvk6VvSodjSuKaf3J300kGRm/Is2HlvCDcK7f7SDUHXBzGlaJqJPQ== Completed in 1ms
56 timing auditReport:init Completed in 49ms
57 timing audit Completed in 3481ms
58 timing command:audit Completed in 3497ms
59 verbose exit 0
60 timing npm Completed in 3535ms
61 verbose code 1
