0 verbose cli /home/ec2-user/.nvm/versions/node/v16.15.1/bin/node /home/ec2-user/.nvm/versions/node/v16.15.1/bin/npm
1 info using npm@8.11.0
2 info using node@v16.15.1
3 timing npm:load:whichnode Completed in 0ms
4 timing config:load:defaults Completed in 2ms
5 timing config:load:file:/home/ec2-user/.nvm/versions/node/v16.15.1/lib/node_modules/npm/npmrc Completed in 1ms
6 timing config:load:builtin Completed in 2ms
7 warn config global `--global`, `--local` are deprecated. Use `--location=global` instead.
8 timing config:load:cli Completed in 4ms
9 timing config:load:env Completed in 1ms
10 timing config:load:project Completed in 1ms
11 timing config:load:file:/home/ec2-user/.npmrc Completed in 8ms
12 timing config:load:user Completed in 9ms
13 timing config:load:file:/home/ec2-user/.nvm/versions/node/v16.15.1/etc/npmrc Completed in 0ms
14 timing config:load:global Completed in 0ms
15 timing config:load:validate Completed in 1ms
16 timing config:load:credentials Completed in 1ms
17 timing config:load:setEnvs Completed in 1ms
18 timing config:load Completed in 24ms
19 timing npm:load:configload Completed in 24ms
20 timing npm:load:mkdirpcache Completed in 2ms
21 timing npm:load:mkdirplogs Completed in 0ms
22 verbose title npm install npm@9.4.0
23 verbose argv "install" "--global" "npm@9.4.0"
24 timing npm:load:setTitle Completed in 2ms
25 timing config:load:flatten Completed in 4ms
26 timing npm:load:display Completed in 8ms
27 verbose logfile logs-max:10 dir:/home/ec2-user/.npm/_logs
28 verbose logfile /home/ec2-user/.npm/_logs/2023-01-29T20_43_58_620Z-debug-0.log
29 timing npm:load:logFile Completed in 6ms
30 timing npm:load:timers Completed in 0ms
31 timing npm:load:configScope Completed in 1ms
32 timing npm:load Completed in 43ms
33 silly logfile start cleaning logs, removing 1 files
34 silly logfile done cleaning log files
35 http fetch GET 200 https://registry.npmjs.org/npm 39ms (cache hit)
36 timing arborist:ctor Completed in 1ms
37 timing idealTree:init Completed in 7ms
38 timing idealTree:userRequests Completed in 3ms
39 silly idealTree buildDeps
40 silly fetch manifest npm@9.4.0
41 http fetch GET 200 https://registry.npmjs.org/npm 12ms (cache hit)
42 silly placeDep ROOT npm@9.4.0 OK for:  want: 9.4.0
43 timing idealTree:#root Completed in 41ms
44 timing idealTree:node_modules/npm Completed in 0ms
45 timing idealTree:buildDeps Completed in 43ms
46 timing idealTree:fixDepFlags Completed in 1ms
47 timing idealTree Completed in 54ms
48 timing reify:loadTrees Completed in 286ms
49 timing reify:diffTrees Completed in 5ms
50 silly reify mark retired [
50 silly reify   '/home/ec2-user/.nvm/versions/node/v16.15.1/lib/node_modules/npm',
50 silly reify   '/home/ec2-user/.nvm/versions/node/v16.15.1/bin/npm',
50 silly reify   '/home/ec2-user/.nvm/versions/node/v16.15.1/bin/npx'
50 silly reify ]
51 silly reify moves {
51 silly reify   '/home/ec2-user/.nvm/versions/node/v16.15.1/lib/node_modules/npm': '/home/ec2-user/.nvm/versions/node/v16.15.1/lib/node_modules/.npm-ERKNkmVk',
51 silly reify   '/home/ec2-user/.nvm/versions/node/v16.15.1/bin/npm': '/home/ec2-user/.nvm/versions/node/v16.15.1/bin/.npm-WuUVZ9JO',
51 silly reify   '/home/ec2-user/.nvm/versions/node/v16.15.1/bin/npx': '/home/ec2-user/.nvm/versions/node/v16.15.1/bin/.npx-j96IBOr1'
51 silly reify }
52 timing reify:retireShallow Completed in 6ms
53 timing reify:createSparse Completed in 0ms
54 silly tarball no local data for npm@https://registry.npmjs.org/npm/-/npm-9.4.0.tgz. Extracting by manifest.
55 http fetch GET 200 https://registry.npmjs.org/npm/-/npm-9.4.0.tgz 1438ms (cache miss)
56 timing reifyNode:node_modules/npm Completed in 1447ms
57 timing arborist:ctor Completed in 0ms
58 timing reify:diffTrees Completed in 7ms
59 timing reify:loadBundles Completed in 1763ms
60 silly audit bulk request {
60 silly audit   npm: [ '9.4.0' ],
60 silly audit   abbrev: [ '2.0.0', '1.1.1' ],
60 silly audit   'abort-controller': [ '3.0.0' ],
60 silly audit   'agent-base': [ '6.0.2' ],
60 silly audit   agentkeepalive: [ '4.2.1' ],
60 silly audit   'aggregate-error': [ '3.1.0' ],
60 silly audit   'ansi-regex': [ '5.0.1' ],
60 silly audit   'ansi-styles': [ '4.3.0' ],
60 silly audit   aproba: [ '2.0.0' ],
60 silly audit   archy: [ '1.0.0' ],
60 silly audit   'are-we-there-yet': [ '4.0.0', '3.0.1' ],
60 silly audit   'readable-stream': [ '4.2.0', '3.6.0' ],
60 silly audit   'balanced-match': [ '1.0.2' ],
60 silly audit   'base64-js': [ '1.5.1' ],
60 silly audit   'bin-links': [ '4.0.1' ],
60 silly audit   'binary-extensions': [ '2.2.0' ],
60 silly audit   'brace-expansion': [ '2.0.1', '1.1.11' ],
60 silly audit   buffer: [ '6.0.3' ],
60 silly audit   builtins: [ '5.0.1' ],
60 silly audit   cacache: [ '17.0.3', '16.1.3' ],
60 silly audit   chalk: [ '4.1.2' ],
60 silly audit   chownr: [ '2.0.0' ],
60 silly audit   'ci-info': [ '3.7.0' ],
60 silly audit   'cidr-regex': [ '3.1.1' ],
60 silly audit   'clean-stack': [ '2.2.0' ],
60 silly audit   'cli-columns': [ '4.0.0' ],
60 silly audit   'cli-table3': [ '0.6.3' ],
60 silly audit   clone: [ '1.0.4' ],
60 silly audit   'cmd-shim': [ '6.0.0' ],
60 silly audit   'color-name': [ '1.1.4' ],
60 silly audit   'color-support': [ '1.1.3' ],
60 silly audit   columnify: [ '1.6.0' ],
60 silly audit   'color-convert': [ '2.0.1' ],
60 silly audit   'common-ancestor-path': [ '1.0.1' ],
60 silly audit   'concat-map': [ '0.0.1' ],
60 silly audit   'console-control-strings': [ '1.1.0' ],
60 silly audit   cssesc: [ '3.0.0' ],
60 silly audit   debug: [ '4.3.4' ],
60 silly audit   ms: [ '2.1.2', '2.1.3' ],
60 silly audit   defaults: [ '1.0.3' ],
60 silly audit   delegates: [ '1.0.0' ],
60 silly audit   depd: [ '1.1.2' ],
60 silly audit   diff: [ '5.1.0' ],
60 silly audit   'emoji-regex': [ '8.0.0' ],
60 silly audit   encoding: [ '0.1.13' ],
60 silly audit   'env-paths': [ '2.2.1' ],
60 silly audit   'err-code': [ '2.0.3' ],
60 silly audit   'event-target-shim': [ '5.0.1' ],
60 silly audit   events: [ '3.3.0' ],
60 silly audit   'fastest-levenshtein': [ '1.0.16' ],
60 silly audit   'fs-minipass': [ '2.1.0' ],
60 silly audit   minipass: [ '3.3.6', '4.0.0' ],
60 silly audit   'fs.realpath': [ '1.0.0' ],
60 silly audit   'function-bind': [ '1.1.1' ],
60 silly audit   gauge: [ '5.0.0', '4.0.4' ],
60 silly audit   glob: [ '8.0.3', '7.2.3' ],
60 silly audit   'graceful-fs': [ '4.2.10' ],
60 silly audit   has: [ '1.0.3' ],
60 silly audit   'has-flag': [ '4.0.0' ],
60 silly audit   'has-unicode': [ '2.0.1' ],
60 silly audit   'hosted-git-info': [ '6.1.1' ],
60 silly audit   'http-cache-semantics': [ '4.1.0' ],
60 silly audit   'http-proxy-agent': [ '5.0.0' ],
60 silly audit   'https-proxy-agent': [ '5.0.1' ],
60 silly audit   'humanize-ms': [ '1.2.1' ],
60 silly audit   'iconv-lite': [ '0.6.3' ],
60 silly audit   ieee754: [ '1.2.1' ],
60 silly audit   'ignore-walk': [ '6.0.0' ],
60 silly audit   imurmurhash: [ '0.1.4' ],
60 silly audit   'indent-string': [ '4.0.0' ],
60 silly audit   'infer-owner': [ '1.0.4' ],
60 silly audit   inflight: [ '1.0.6' ],
60 silly audit   inherits: [ '2.0.4' ],
60 silly audit   ini: [ '3.0.1' ],
60 silly audit   'init-package-json': [ '4.0.1' ],
60 silly audit   ip: [ '2.0.0' ],
60 silly audit   'ip-regex': [ '4.3.0' ],
60 silly audit   'is-cidr': [ '4.0.2' ],
60 silly audit   'is-core-module': [ '2.10.0' ],
60 silly audit   'is-fullwidth-code-point': [ '3.0.0' ],
60 silly audit   'is-lambda': [ '1.0.1' ],
60 silly audit   isexe: [ '2.0.0' ],
60 silly audit   'json-parse-even-better-errors': [ '3.0.0' ],
60 silly audit   'json-stringify-nice': [ '1.1.4' ],
60 silly audit   jsonparse: [ '1.3.1' ],
60 silly audit   'just-diff': [ '5.1.1' ],
60 silly audit   'just-diff-apply': [ '5.4.1' ],
60 silly audit   libnpmaccess: [ '7.0.1' ],
60 silly audit   libnpmdiff: [ '5.0.8' ],
60 silly audit   libnpmexec: [ '5.0.8' ],
60 silly audit   libnpmfund: [ '4.0.8' ],
60 silly audit   libnpmhook: [ '9.0.1' ],
60 silly audit   libnpmorg: [ '5.0.1' ],
60 silly audit   libnpmpack: [ '5.0.8' ],
60 silly audit   libnpmpublish: [ '7.0.6' ],
60 silly audit   libnpmsearch: [ '6.0.1' ],
60 silly audit   libnpmteam: [ '5.0.1' ],
60 silly audit   libnpmversion: [ '4.0.1' ],
60 silly audit   'lru-cache': [ '7.13.2', '6.0.0' ],
60 silly audit   'make-fetch-happen': [ '11.0.2', '10.2.1' ],
60 silly audit   minimatch: [ '5.1.1', '5.1.0', '3.1.2' ],
60 silly audit   'minipass-collect': [ '1.0.2' ],
60 silly audit   'minipass-fetch': [ '3.0.1', '2.1.2' ],
60 silly audit   'minipass-flush': [ '1.0.5' ],
60 silly audit   'minipass-json-stream': [ '1.0.1' ],
60 silly audit   'minipass-pipeline': [ '1.2.4' ],
60 silly audit   'minipass-sized': [ '1.0.3' ],
60 silly audit   minizlib: [ '2.1.2' ],
60 silly audit   mkdirp: [ '1.0.4' ],
60 silly audit   'mute-stream': [ '0.0.8' ],
60 silly audit   negotiator: [ '0.6.3' ],
60 silly audit   'node-gyp': [ '9.3.0' ],
60 silly audit   nopt: [ '6.0.0', '7.0.0' ],
60 silly audit   npmlog: [ '6.0.2', '7.0.1' ],
60 silly audit   ssri: [ '9.0.1', '10.0.1' ],
60 silly audit   'unique-filename': [ '2.0.1', '3.0.0' ],
60 silly audit   'unique-slug': [ '3.0.0', '4.0.0' ],
60 silly audit   which: [ '2.0.2', '3.0.0' ],
60 silly audit   '@npmcli/fs': [ '2.1.2', '3.1.0' ],
60 silly audit   '@npmcli/move-file': [ '2.0.1' ],
60 silly audit   'normalize-package-data': [ '5.0.0' ],
60 silly audit   'npm-audit-report': [ '4.0.0' ],
60 silly audit   'npm-bundled': [ '3.0.0' ],
60 silly audit   'npm-install-checks': [ '6.0.0' ],
60 silly audit   'npm-normalize-package-bin': [ '3.0.0' ],
60 silly audit   'npm-package-arg': [ '10.1.0' ],
60 silly audit   'npm-packlist': [ '7.0.4' ],
60 silly audit   'npm-pick-manifest': [ '8.0.1' ],
60 silly audit   'npm-profile': [ '7.0.1' ],
60 silly audit   'npm-registry-fetch': [ '14.0.3' ],
60 silly audit   'npm-user-validate': [ '1.0.1' ],
60 silly audit   once: [ '1.4.0' ],
60 silly audit   'p-map': [ '4.0.0' ],
60 silly audit   pacote: [ '15.0.7' ],
60 silly audit   'parse-conflict-json': [ '3.0.0' ],
60 silly audit   'path-is-absolute': [ '1.0.1' ],
60 silly audit   'postcss-selector-parser': [ '6.0.10' ],
60 silly audit   'proc-log': [ '3.0.0' ],
60 silly audit   process: [ '0.11.10' ],
60 silly audit   'promise-all-reject-late': [ '1.0.1' ],
60 silly audit   'promise-call-limit': [ '1.0.1' ],
60 silly audit   'promise-inflight': [ '1.0.1' ],
60 silly audit   'promise-retry': [ '2.0.1' ],
60 silly audit   promzard: [ '0.3.0' ],
60 silly audit   'qrcode-terminal': [ '0.12.0' ],
60 silly audit   read: [ '1.0.7' ],
60 silly audit   'read-cmd-shim': [ '4.0.0' ],
60 silly audit   'read-package-json': [ '6.0.0' ],
60 silly audit   'read-package-json-fast': [ '3.0.1' ],
60 silly audit   retry: [ '0.12.0' ],
60 silly audit   rimraf: [ '3.0.2' ],
60 silly audit   'safe-buffer': [ '5.2.1' ],
60 silly audit   'safer-buffer': [ '2.1.2' ],
60 silly audit   semver: [ '7.3.8' ],
60 silly audit   'set-blocking': [ '2.0.0' ],
60 silly audit   'signal-exit': [ '3.0.7' ],
60 silly audit   'smart-buffer': [ '4.2.0' ],
60 silly audit   socks: [ '2.7.0' ],
60 silly audit   'socks-proxy-agent': [ '7.0.0' ],
60 silly audit   'spdx-correct': [ '3.1.1' ],
60 silly audit   'spdx-exceptions': [ '2.3.0' ],
60 silly audit   'spdx-expression-parse': [ '3.0.1' ],
60 silly audit   'spdx-license-ids': [ '3.0.11' ],
60 silly audit   'string-width': [ '4.2.3' ],
60 silly audit   string_decoder: [ '1.3.0' ],
60 silly audit   'strip-ansi': [ '6.0.1' ],
60 silly audit   'supports-color': [ '7.2.0' ],
60 silly audit   tar: [ '6.1.13' ],
60 silly audit   'text-table': [ '0.2.0' ],
60 silly audit   'tiny-relative-date': [ '1.3.0' ],
60 silly audit   treeverse: [ '3.0.0' ],
60 silly audit   'util-deprecate': [ '1.0.2' ],
60 silly audit   'validate-npm-package-license': [ '3.0.4' ],
60 silly audit   'validate-npm-package-name': [ '5.0.0' ],
60 silly audit   'walk-up-path': [ '1.0.0' ],
60 silly audit   wcwidth: [ '1.0.1' ],
60 silly audit   'wide-align': [ '1.1.5' ],
60 silly audit   wrappy: [ '1.0.2' ],
60 silly audit   'write-file-atomic': [ '5.0.0' ],
60 silly audit   yallist: [ '4.0.0' ],
60 silly audit   '@colors/colors': [ '1.5.0' ],
60 silly audit   '@gar/promisify': [ '1.1.3' ],
60 silly audit   '@isaacs/string-locale-compare': [ '1.1.0' ],
60 silly audit   '@npmcli/arborist': [ '6.2.0' ],
60 silly audit   '@npmcli/config': [ '6.1.1' ],
60 silly audit   '@npmcli/disparity-colors': [ '3.0.0' ],
60 silly audit   '@npmcli/git': [ '4.0.3' ],
60 silly audit   '@npmcli/installed-package-contents': [ '2.0.1' ],
60 silly audit   '@npmcli/map-workspaces': [ '3.0.0' ],
60 silly audit   '@npmcli/metavuln-calculator': [ '5.0.0' ],
60 silly audit   '@npmcli/name-from-folder': [ '1.0.1' ],
60 silly audit   '@npmcli/node-gyp': [ '3.0.0' ],
60 silly audit   '@npmcli/package-json': [ '3.0.0' ],
60 silly audit   '@npmcli/promise-spawn': [ '6.0.1' ],
60 silly audit   '@npmcli/query': [ '3.0.0' ],
60 silly audit   '@npmcli/run-script': [ '6.0.0' ],
60 silly audit   '@tootallnate/once': [ '2.0.0' ]
60 silly audit }
61 timing reify:unpack Completed in 1ms
62 timing reify:unretire Completed in 0ms
63 timing build:queue Completed in 14ms
64 timing build:link:node_modules/npm Completed in 7ms
65 timing build:link:node_modules/npm/node_modules/@npmcli/arborist Completed in 7ms
66 timing build:link:node_modules/npm/node_modules/node-gyp/node_modules/nopt Completed in 6ms
67 timing build:link:node_modules/npm/node_modules/@npmcli/installed-package-contents Completed in 7ms
68 timing build:link:node_modules/npm/node_modules/color-support Completed in 7ms
69 timing build:link:node_modules/npm/node_modules/cssesc Completed in 7ms
70 timing build:link:node_modules/npm/node_modules/mkdirp Completed in 7ms
71 timing build:link:node_modules/npm/node_modules/node-gyp Completed in 7ms
72 timing build:link:node_modules/npm/node_modules/nopt Completed in 7ms
73 timing build:link:node_modules/npm/node_modules/pacote Completed in 7ms
74 timing build:link:node_modules/npm/node_modules/qrcode-terminal Completed in 6ms
75 timing build:link:node_modules/npm/node_modules/rimraf Completed in 6ms
76 timing build:link:node_modules/npm/node_modules/semver Completed in 6ms
77 timing build:link:node_modules/npm/node_modules/which Completed in 6ms
78 timing build:link:node_modules/npm/node_modules/node-gyp/node_modules/which Completed in 7ms
79 timing build:link Completed in 9ms
80 timing build:deps Completed in 23ms
81 timing build Completed in 24ms
82 timing reify:build Completed in 24ms
83 http fetch POST 200 https://registry.npmjs.org/-/npm/v1/security/advisories/bulk 155ms
84 timing auditReport:getReport Completed in 160ms
85 silly audit report {}
86 timing auditReport:init Completed in 0ms
87 timing reify:audit Completed in 160ms
88 timing reify:trash Completed in 299ms
89 timing reify Completed in 2405ms
90 silly CHANGE node_modules/npm
91 silly CHANGE node_modules/npm/node_modules/@npmcli/disparity-colors
92 silly CHANGE node_modules/npm/node_modules/@npmcli/run-script
93 silly CHANGE node_modules/npm/node_modules/@npmcli/promise-spawn
94 silly CHANGE node_modules/npm/node_modules/@npmcli/package-json
95 silly CHANGE node_modules/npm/node_modules/@npmcli/node-gyp
96 silly REMOVE node_modules/npm/node_modules/@npmcli/move-file
97 silly CHANGE node_modules/npm/node_modules/@npmcli/metavuln-calculator
98 silly CHANGE node_modules/npm/node_modules/@npmcli/map-workspaces
99 silly CHANGE node_modules/npm/node_modules/@npmcli/installed-package-contents
100 silly CHANGE node_modules/npm/node_modules/@npmcli/git
101 silly CHANGE node_modules/npm/node_modules/@npmcli/fs
102 silly CHANGE node_modules/npm/node_modules/@npmcli/config
103 silly REMOVE node_modules/npm/node_modules/@npmcli/ci-detect
104 silly CHANGE node_modules/npm/node_modules/@npmcli/arborist
105 silly CHANGE node_modules/npm/node_modules/write-file-atomic
106 silly CHANGE node_modules/npm/node_modules/which
107 silly CHANGE node_modules/npm/node_modules/validate-npm-package-name
108 silly CHANGE node_modules/npm/node_modules/unique-slug
109 silly CHANGE node_modules/npm/node_modules/unique-filename
110 silly CHANGE node_modules/npm/node_modules/treeverse
111 silly CHANGE node_modules/npm/node_modules/tar
112 silly CHANGE node_modules/npm/node_modules/ssri
113 silly CHANGE node_modules/npm/node_modules/socks-proxy-agent
114 silly CHANGE node_modules/npm/node_modules/socks
115 silly CHANGE node_modules/npm/node_modules/semver
116 silly CHANGE node_modules/npm/node_modules/rimraf
117 silly CHANGE node_modules/npm/node_modules/rimraf/node_modules/glob
118 silly REMOVE node_modules/npm/node_modules/readdir-scoped-modules
119 silly CHANGE node_modules/npm/node_modules/read-package-json-fast
120 silly CHANGE node_modules/npm/node_modules/read-package-json
121 silly CHANGE node_modules/npm/node_modules/read-cmd-shim
122 silly CHANGE node_modules/npm/node_modules/qrcode-terminal
123 silly REMOVE node_modules/npm/node_modules/opener
124 silly CHANGE node_modules/npm/node_modules/npm-profile
125 silly CHANGE node_modules/npm/node_modules/proc-log
126 silly CHANGE node_modules/npm/node_modules/parse-conflict-json
127 silly CHANGE node_modules/npm/node_modules/pacote
128 silly CHANGE node_modules/npm/node_modules/npmlog
129 silly CHANGE node_modules/npm/node_modules/libnpmsearch
130 silly CHANGE node_modules/npm/node_modules/npm-registry-fetch
131 silly CHANGE node_modules/npm/node_modules/npm-pick-manifest
132 silly CHANGE node_modules/npm/node_modules/npm-packlist
133 silly CHANGE node_modules/npm/node_modules/npm-package-arg
134 silly CHANGE node_modules/npm/node_modules/npm-normalize-package-bin
135 silly CHANGE node_modules/npm/node_modules/npm-install-checks
136 silly CHANGE node_modules/npm/node_modules/npm-bundled
137 silly CHANGE node_modules/npm/node_modules/npm-audit-report
138 silly CHANGE node_modules/npm/node_modules/normalize-package-data
139 silly CHANGE node_modules/npm/node_modules/nopt
140 silly CHANGE node_modules/npm/node_modules/node-gyp
141 silly CHANGE node_modules/npm/node_modules/node-gyp/node_modules/glob
142 silly CHANGE node_modules/npm/node_modules/libnpmteam
143 silly REMOVE node_modules/npm/node_modules/mkdirp-infer-owner
144 silly CHANGE node_modules/npm/node_modules/mkdirp
145 silly CHANGE node_modules/npm/node_modules/minipass-fetch
146 silly CHANGE node_modules/npm/node_modules/minipass
147 silly CHANGE node_modules/npm/node_modules/minimatch
148 silly CHANGE node_modules/npm/node_modules/make-fetch-happen
149 silly CHANGE node_modules/npm/node_modules/lru-cache
150 silly CHANGE node_modules/npm/node_modules/libnpmversion
151 silly CHANGE node_modules/npm/node_modules/libnpmdiff
152 silly CHANGE node_modules/npm/node_modules/libnpmpack
153 silly CHANGE node_modules/npm/node_modules/libnpmpublish
154 silly CHANGE node_modules/npm/node_modules/libnpmorg
155 silly CHANGE node_modules/npm/node_modules/libnpmhook
156 silly CHANGE node_modules/npm/node_modules/libnpmexec
157 silly CHANGE node_modules/npm/node_modules/libnpmfund
158 silly CHANGE node_modules/npm/node_modules/libnpmaccess
159 silly CHANGE node_modules/npm/node_modules/just-diff-apply
160 silly CHANGE node_modules/npm/node_modules/just-diff
161 silly CHANGE node_modules/npm/node_modules/json-parse-even-better-errors
162 silly CHANGE node_modules/npm/node_modules/is-core-module
163 silly CHANGE node_modules/npm/node_modules/fastest-levenshtein
164 silly CHANGE node_modules/npm/node_modules/init-package-json
165 silly CHANGE node_modules/npm/node_modules/ip
166 silly CHANGE node_modules/npm/node_modules/diff
167 silly CHANGE node_modules/npm/node_modules/ini
168 silly CHANGE node_modules/npm/node_modules/ignore-walk
169 silly CHANGE node_modules/npm/node_modules/hosted-git-info
170 silly CHANGE node_modules/npm/node_modules/glob
171 silly CHANGE node_modules/npm/node_modules/gauge
172 silly REMOVE node_modules/npm/node_modules/dezalgo
173 silly REMOVE node_modules/npm/node_modules/debuglog
174 silly CHANGE node_modules/npm/node_modules/color-support
175 silly CHANGE node_modules/npm/node_modules/cli-table3
176 silly CHANGE node_modules/npm/node_modules/cmd-shim
177 silly CHANGE node_modules/npm/node_modules/cacache
178 silly CHANGE node_modules/npm/node_modules/bin-links
179 silly REMOVE node_modules/npm/node_modules/asap
180 silly CHANGE node_modules/npm/node_modules/are-we-there-yet
181 silly CHANGE node_modules/npm/node_modules/abbrev
182 timing command:install Completed in 2495ms
183 verbose exit 0
184 timing npm Completed in 2607ms
185 info ok
