2023-01-29 21:00:52.649 [info] Log level: Info
2023-01-29 21:00:52.649 [info] Validating found git in: "git"
2023-01-29 21:00:52.649 [info] Using git "2.38.1" from "git"
2023-01-29 21:00:52.649 [info] > git rev-parse --show-toplevel [7ms]
2023-01-29 21:00:52.649 [info] fatal: not a git repository (or any of the parent directories): .git
2023-01-29 21:00:52.649 [info] > git rev-parse --show-toplevel [2ms]
2023-01-29 21:00:52.649 [info] fatal: not a git repository (or any of the parent directories): .git
2023-01-29 21:00:52.649 [info] > git rev-parse --show-toplevel [2ms]
2023-01-29 21:00:52.649 [info] fatal: not a git repository (or any of the parent directories): .git
2023-01-29 21:00:52.649 [info] > git rev-parse --show-toplevel [2ms]
2023-01-29 21:00:52.649 [info] fatal: not a git repository (or any of the parent directories): .git
2023-01-29 21:00:52.649 [info] > git rev-parse --show-toplevel [1ms]
2023-01-29 21:00:52.649 [info] > git rev-parse --git-dir --git-common-dir [1ms]
2023-01-29 21:00:52.649 [info] Open repository: /home/ec2-user/.nvm
2023-01-29 21:00:52.649 [info] > git config --get commit.template [2ms]
2023-01-29 21:00:52.649 [info] > git rev-parse --show-toplevel [8ms]
2023-01-29 21:00:52.649 [info] fatal: not a git repository (or any of the parent directories): .git
2023-01-29 21:00:52.649 [info] > git rev-parse --show-toplevel [20ms]
2023-01-29 21:00:52.649 [info] fatal: not a git repository (or any of the parent directories): .git
2023-01-29 21:00:52.649 [info] > git rev-parse --show-toplevel [1ms]
2023-01-29 21:00:52.649 [info] > git status -z -uall [53ms]
2023-01-29 21:00:52.649 [info] > git rev-parse --git-dir --git-common-dir [8ms]
2023-01-29 21:00:52.649 [info] Open repository: /home/ec2-user/eattheblocks
2023-01-29 21:00:52.649 [info] > git for-each-ref --sort -committerdate --format %(refname) %(objectname) %(*objectname) [60ms]
2023-01-29 21:00:52.649 [info] > git config --get commit.template [6ms]
2023-01-29 21:00:52.649 [info] > git config --get commit.template [2ms]
2023-01-29 21:00:52.649 [info] > git for-each-ref --format=%(refname)%00%(upstream:short)%00%(objectname)%00%(upstream:track)%00%(upstream:remotename)%00%(upstream:remoteref) refs/heads/master refs/remotes/master [11ms]
2023-01-29 21:00:52.649 [info] > git status -z -uall [22ms]
2023-01-29 21:00:52.649 [info] > git for-each-ref --sort -committerdate --format %(refname) %(objectname) %(*objectname) [19ms]
2023-01-29 21:00:52.649 [info] > git for-each-ref --sort -committerdate --format %(refname) %(objectname) %(*objectname) [20ms]
2023-01-29 21:00:52.649 [info] > git status -z -uall [129ms]
2023-01-29 21:00:52.649 [info] > git config --get commit.template [2ms]
2023-01-29 21:00:52.649 [info] > git for-each-ref --format=%(refname)%00%(upstream:short)%00%(objectname)%00%(upstream:track)%00%(upstream:remotename)%00%(upstream:remoteref) refs/heads/master refs/remotes/master [2ms]
2023-01-29 21:00:52.649 [info] > git for-each-ref --sort -committerdate --format %(refname) %(objectname) %(*objectname) [6ms]
2023-01-29 21:00:52.649 [info] > git status -z -uall [173ms]
2023-01-29 21:00:52.649 [info] > git check-ignore -v -z --stdin [7ms]
2023-01-29 21:00:52.649 [info] > git check-ignore -v -z --stdin [3ms]
2023-01-29 21:00:52.930 [info] > git rev-parse --show-toplevel [2ms]
2023-01-29 21:00:52.930 [info] fatal: not a git repository (or any of the parent directories): .git
2023-01-29 21:00:52.947 [info] > git rev-parse --show-toplevel [2ms]
2023-01-29 21:00:52.947 [info] fatal: not a git repository (or any of the parent directories): .git
2023-01-29 21:00:59.749 [info] > git check-ignore -v -z --stdin [6ms]
2023-01-29 21:01:01.112 [info] > git check-ignore -v -z --stdin [6ms]
2023-01-29 21:01:02.868 [info] > git check-ignore -v -z --stdin [3ms]
2023-01-29 21:01:04.211 [info] > git check-ignore -v -z --stdin [5ms]
2023-01-29 21:01:07.878 [info] > git check-ignore -v -z --stdin [5ms]
